running egg_info
creating build/vision/vision.egg-info
writing build/vision/vision.egg-info/PKG-INFO
writing dependency_links to build/vision/vision.egg-info/dependency_links.txt
writing entry points to build/vision/vision.egg-info/entry_points.txt
writing requirements to build/vision/vision.egg-info/requires.txt
writing top-level names to build/vision/vision.egg-info/top_level.txt
writing manifest file 'build/vision/vision.egg-info/SOURCES.txt'
reading manifest file 'build/vision/vision.egg-info/SOURCES.txt'
writing manifest file 'build/vision/vision.egg-info/SOURCES.txt'
running build
running build_py
creating /home/asracantik/patrol_robot_system/src/vision/build/vision/build
creating /home/asracantik/patrol_robot_system/src/vision/build/vision/build/lib
creating /home/asracantik/patrol_robot_system/src/vision/build/vision/build/lib/vision
copying vision/__init__.py -> /home/asracantik/patrol_robot_system/src/vision/build/vision/build/lib/vision
copying vision/camera.py -> /home/asracantik/patrol_robot_system/src/vision/build/vision/build/lib/vision
running install
running install_lib
creating /home/asracantik/patrol_robot_system/src/vision/install/vision/lib/python3.12/site-packages/vision
copying /home/asracantik/patrol_robot_system/src/vision/build/vision/build/lib/vision/__init__.py -> /home/asracantik/patrol_robot_system/src/vision/install/vision/lib/python3.12/site-packages/vision
copying /home/asracantik/patrol_robot_system/src/vision/build/vision/build/lib/vision/camera.py -> /home/asracantik/patrol_robot_system/src/vision/install/vision/lib/python3.12/site-packages/vision
byte-compiling /home/asracantik/patrol_robot_system/src/vision/install/vision/lib/python3.12/site-packages/vision/__init__.py to __init__.cpython-312.pyc
byte-compiling /home/asracantik/patrol_robot_system/src/vision/install/vision/lib/python3.12/site-packages/vision/camera.py to camera.cpython-312.pyc
running install_data
creating /home/asracantik/patrol_robot_system/src/vision/install/vision/share/ament_index
creating /home/asracantik/patrol_robot_system/src/vision/install/vision/share/ament_index/resource_index
creating /home/asracantik/patrol_robot_system/src/vision/install/vision/share/ament_index/resource_index/packages
copying resource/vision -> /home/asracantik/patrol_robot_system/src/vision/install/vision/share/ament_index/resource_index/packages
copying package.xml -> /home/asracantik/patrol_robot_system/src/vision/install/vision/share/vision
running install_egg_info
Copying build/vision/vision.egg-info to /home/asracantik/patrol_robot_system/src/vision/install/vision/lib/python3.12/site-packages/vision-0.0.0-py3.12.egg-info
running install_scripts
Installing camera_node script to /home/asracantik/patrol_robot_system/src/vision/install/vision/lib/vision
writing list of installed files to '/home/asracantik/patrol_robot_system/src/vision/build/vision/install.log'
