[2.467s] Invoking command in '/home/asracantik/patrol_robot_system/src/vision': DEBUGINFOD_URLS=https://debuginfod.ubuntu.com PYTHONPATH=/home/asracantik/patrol_robot_system/src/vision/build/vision/prefix_override:/usr/lib/python3/dist-packages/colcon_core/task/python/colcon_distutils_commands:/home/asracantik/patrol_robot_system/src/vision/install/vision/lib/python3.12/site-packages:${PYTHONPATH} /usr/bin/python3 -W ignore:setup.py install is deprecated -W ignore:easy_install command is deprecated setup.py egg_info --egg-base build/vision build --build-base /home/asracantik/patrol_robot_system/src/vision/build/vision/build install --record /home/asracantik/patrol_robot_system/src/vision/build/vision/install.log --single-version-externally-managed install_data
[3.169s] running egg_info
[3.169s] creating build/vision/vision.egg-info
[3.222s] writing build/vision/vision.egg-info/PKG-INFO
[3.223s] writing dependency_links to build/vision/vision.egg-info/dependency_links.txt
[3.223s] writing entry points to build/vision/vision.egg-info/entry_points.txt
[3.223s] writing requirements to build/vision/vision.egg-info/requires.txt
[3.224s] writing top-level names to build/vision/vision.egg-info/top_level.txt
[3.224s] writing manifest file 'build/vision/vision.egg-info/SOURCES.txt'
[3.331s] reading manifest file 'build/vision/vision.egg-info/SOURCES.txt'
[3.333s] writing manifest file 'build/vision/vision.egg-info/SOURCES.txt'
[3.333s] running build
[3.334s] running build_py
[3.334s] creating /home/asracantik/patrol_robot_system/src/vision/build/vision/build
[3.335s] creating /home/asracantik/patrol_robot_system/src/vision/build/vision/build/lib
[3.335s] creating /home/asracantik/patrol_robot_system/src/vision/build/vision/build/lib/vision
[3.335s] copying vision/__init__.py -> /home/asracantik/patrol_robot_system/src/vision/build/vision/build/lib/vision
[3.335s] copying vision/camera.py -> /home/asracantik/patrol_robot_system/src/vision/build/vision/build/lib/vision
[3.336s] running install
[3.352s] running install_lib
[3.405s] creating /home/asracantik/patrol_robot_system/src/vision/install/vision/lib/python3.12/site-packages/vision
[3.405s] copying /home/asracantik/patrol_robot_system/src/vision/build/vision/build/lib/vision/__init__.py -> /home/asracantik/patrol_robot_system/src/vision/install/vision/lib/python3.12/site-packages/vision
[3.405s] copying /home/asracantik/patrol_robot_system/src/vision/build/vision/build/lib/vision/camera.py -> /home/asracantik/patrol_robot_system/src/vision/install/vision/lib/python3.12/site-packages/vision
[3.406s] byte-compiling /home/asracantik/patrol_robot_system/src/vision/install/vision/lib/python3.12/site-packages/vision/__init__.py to __init__.cpython-312.pyc
[3.407s] byte-compiling /home/asracantik/patrol_robot_system/src/vision/install/vision/lib/python3.12/site-packages/vision/camera.py to camera.cpython-312.pyc
[3.409s] running install_data
[3.409s] creating /home/asracantik/patrol_robot_system/src/vision/install/vision/share/ament_index
[3.409s] creating /home/asracantik/patrol_robot_system/src/vision/install/vision/share/ament_index/resource_index
[3.409s] creating /home/asracantik/patrol_robot_system/src/vision/install/vision/share/ament_index/resource_index/packages
[3.410s] copying resource/vision -> /home/asracantik/patrol_robot_system/src/vision/install/vision/share/ament_index/resource_index/packages
[3.410s] copying package.xml -> /home/asracantik/patrol_robot_system/src/vision/install/vision/share/vision
[3.410s] running install_egg_info
[3.468s] Copying build/vision/vision.egg-info to /home/asracantik/patrol_robot_system/src/vision/install/vision/lib/python3.12/site-packages/vision-0.0.0-py3.12.egg-info
[3.470s] running install_scripts
[3.828s] Installing camera_node script to /home/asracantik/patrol_robot_system/src/vision/install/vision/lib/vision
[3.829s] writing list of installed files to '/home/asracantik/patrol_robot_system/src/vision/build/vision/install.log'
[3.905s] Invoked command in '/home/asracantik/patrol_robot_system/src/vision' returned '0': DEBUGINFOD_URLS=https://debuginfod.ubuntu.com PYTHONPATH=/home/asracantik/patrol_robot_system/src/vision/build/vision/prefix_override:/usr/lib/python3/dist-packages/colcon_core/task/python/colcon_distutils_commands:/home/asracantik/patrol_robot_system/src/vision/install/vision/lib/python3.12/site-packages:${PYTHONPATH} /usr/bin/python3 -W ignore:setup.py install is deprecated -W ignore:easy_install command is deprecated setup.py egg_info --egg-base build/vision build --build-base /home/asracantik/patrol_robot_system/src/vision/build/vision/build install --record /home/asracantik/patrol_robot_system/src/vision/build/vision/install.log --single-version-externally-managed install_data
