running egg_info
creating ../../build/sensor_pkg/sensor_pkg.egg-info
writing ../../build/sensor_pkg/sensor_pkg.egg-info/PKG-INFO
writing dependency_links to ../../build/sensor_pkg/sensor_pkg.egg-info/dependency_links.txt
writing entry points to ../../build/sensor_pkg/sensor_pkg.egg-info/entry_points.txt
writing requirements to ../../build/sensor_pkg/sensor_pkg.egg-info/requires.txt
writing top-level names to ../../build/sensor_pkg/sensor_pkg.egg-info/top_level.txt
writing manifest file '../../build/sensor_pkg/sensor_pkg.egg-info/SOURCES.txt'
reading manifest file '../../build/sensor_pkg/sensor_pkg.egg-info/SOURCES.txt'
writing manifest file '../../build/sensor_pkg/sensor_pkg.egg-info/SOURCES.txt'
running build
running build_py
creating /home/asracantik/patrol_robot_system/build/sensor_pkg/build
creating /home/asracantik/patrol_robot_system/build/sensor_pkg/build/lib
creating /home/asracantik/patrol_robot_system/build/sensor_pkg/build/lib/sensor_pkg
copying sensor_pkg/__init__.py -> /home/asracantik/patrol_robot_system/build/sensor_pkg/build/lib/sensor_pkg
copying sensor_pkg/encoder_dummy.py -> /home/asracantik/patrol_robot_system/build/sensor_pkg/build/lib/sensor_pkg
copying sensor_pkg/gps_dummy.py -> /home/asracantik/patrol_robot_system/build/sensor_pkg/build/lib/sensor_pkg
running install
running install_lib
creating /home/asracantik/patrol_robot_system/install/sensor_pkg/lib/python3.12/site-packages/sensor_pkg
copying /home/asracantik/patrol_robot_system/build/sensor_pkg/build/lib/sensor_pkg/__init__.py -> /home/asracantik/patrol_robot_system/install/sensor_pkg/lib/python3.12/site-packages/sensor_pkg
copying /home/asracantik/patrol_robot_system/build/sensor_pkg/build/lib/sensor_pkg/encoder_dummy.py -> /home/asracantik/patrol_robot_system/install/sensor_pkg/lib/python3.12/site-packages/sensor_pkg
copying /home/asracantik/patrol_robot_system/build/sensor_pkg/build/lib/sensor_pkg/gps_dummy.py -> /home/asracantik/patrol_robot_system/install/sensor_pkg/lib/python3.12/site-packages/sensor_pkg
byte-compiling /home/asracantik/patrol_robot_system/install/sensor_pkg/lib/python3.12/site-packages/sensor_pkg/__init__.py to __init__.cpython-312.pyc
byte-compiling /home/asracantik/patrol_robot_system/install/sensor_pkg/lib/python3.12/site-packages/sensor_pkg/encoder_dummy.py to encoder_dummy.cpython-312.pyc
byte-compiling /home/asracantik/patrol_robot_system/install/sensor_pkg/lib/python3.12/site-packages/sensor_pkg/gps_dummy.py to gps_dummy.cpython-312.pyc
running install_data
creating /home/asracantik/patrol_robot_system/install/sensor_pkg/share/ament_index
creating /home/asracantik/patrol_robot_system/install/sensor_pkg/share/ament_index/resource_index
creating /home/asracantik/patrol_robot_system/install/sensor_pkg/share/ament_index/resource_index/packages
copying resource/sensor_pkg -> /home/asracantik/patrol_robot_system/install/sensor_pkg/share/ament_index/resource_index/packages
copying package.xml -> /home/asracantik/patrol_robot_system/install/sensor_pkg/share/sensor_pkg
running install_egg_info
Copying ../../build/sensor_pkg/sensor_pkg.egg-info to /home/asracantik/patrol_robot_system/install/sensor_pkg/lib/python3.12/site-packages/sensor_pkg-0.0.0-py3.12.egg-info
running install_scripts
Installing encoder_dummy script to /home/asracantik/patrol_robot_system/install/sensor_pkg/lib/sensor_pkg
Installing gps_dummy script to /home/asracantik/patrol_robot_system/install/sensor_pkg/lib/sensor_pkg
writing list of installed files to '/home/asracantik/patrol_robot_system/build/sensor_pkg/install.log'
